[debug] [2021-12-19T18:30:40.508Z] ----------------------------------------------------------------------
[debug] [2021-12-19T18:30:40.510Z] Command:       C:\Program Files\nodejs\node.exe C:\Users\sanke\AppData\Roaming\npm\node_modules\firebase-tools\lib\bin\firebase.js init
[debug] [2021-12-19T18:30:40.511Z] CLI Version:   9.23.1
[debug] [2021-12-19T18:30:40.511Z] Platform:      win32
[debug] [2021-12-19T18:30:40.511Z] Node Version:  v16.13.0
[debug] [2021-12-19T18:30:40.512Z] Time:          Mon Dec 20 2021 00:00:40 GMT+0530 (India Standard Time)
[debug] [2021-12-19T18:30:40.512Z] ----------------------------------------------------------------------
[debug] 
[debug] [2021-12-19T18:30:40.514Z] >>> [apiv2][query] GET https://firebase-public.firebaseio.com/cli.json [none]
[debug] [2021-12-19T18:30:40.582Z] > command requires scopes: ["email","openid","https://www.googleapis.com/auth/cloudplatformprojects.readonly","https://www.googleapis.com/auth/firebase","https://www.googleapis.com/auth/cloud-platform"]
[debug] [2021-12-19T18:30:40.582Z] > authorizing via signed-in user (sankethbennur@gmail.com)
[info] 
     ######## #### ########  ######## ########     ###     ######  ########
     ##        ##  ##     ## ##       ##     ##  ##   ##  ##       ##
     ######    ##  ########  ######   ########  #########  ######  ######
     ##        ##  ##    ##  ##       ##     ## ##     ##       ## ##
     ##       #### ##     ## ######## ########  ##     ##  ######  ########

You're about to initialize a Firebase project in this directory:

  D:\PROJECTS\SDE\Netflix\frontend

Before we get started, keep in mind:

  * You are initializing within an existing Firebase project directory

[debug] [2021-12-19T18:30:41.421Z] <<< [apiv2][status] GET https://firebase-public.firebaseio.com/cli.json 200
[debug] [2021-12-19T18:30:41.421Z] <<< [apiv2][body] GET https://firebase-public.firebaseio.com/cli.json {"cloudBuildErrorAfter":1594252800000,"cloudBuildWarnAfter":1590019200000,"defaultNode10After":1594252800000,"minVersion":"3.0.5","node8DeploysDisabledAfter":1613390400000,"node8RuntimeDisabledAfter":1615809600000,"node8WarnAfter":1600128000000}
[info] 
=== Project Setup
[info] 
[info] First, let's associate this project directory with a Firebase project.
[info] You can create multiple project aliases by running firebase use --add, 
[info] but for now we'll just set up a default project.
[info] 
[debug] [2021-12-19T18:30:49.030Z] Using project from CLI flag: netflix-79569
[debug] [2021-12-19T18:30:49.031Z] > refreshing access token with scopes: []
[debug] [2021-12-19T18:30:49.032Z] >>> HTTP REQUEST POST https://www.googleapis.com/oauth2/v3/token  
 <request body omitted>
[debug] [2021-12-19T18:30:49.172Z] <<< HTTP RESPONSE 200 {"cache-control":"no-cache, no-store, max-age=0, must-revalidate","date":"Sun, 19 Dec 2021 18:30:49 GMT","pragma":"no-cache","expires":"Mon, 01 Jan 1990 00:00:00 GMT","content-type":"application/json; charset=utf-8","vary":"X-Origin, Referer, Origin,Accept-Encoding","server":"scaffolding on HTTPServer2","x-xss-protection":"0","x-frame-options":"SAMEORIGIN","x-content-type-options":"nosniff","alt-svc":"h3=\":443\"; ma=2592000,h3-29=\":443\"; ma=2592000,h3-Q050=\":443\"; ma=2592000,h3-Q046=\":443\"; ma=2592000,h3-Q043=\":443\"; ma=2592000,quic=\":443\"; ma=2592000; v=\"46,43\"","accept-ranges":"none","transfer-encoding":"chunked"}
[debug] [2021-12-19T18:30:49.183Z] >>> [apiv2][query] GET https://firebase.googleapis.com/v1beta1/projects/netflix-79569 [none]
[debug] [2021-12-19T18:30:49.581Z] <<< [apiv2][status] GET https://firebase.googleapis.com/v1beta1/projects/netflix-79569 200
[debug] [2021-12-19T18:30:49.581Z] <<< [apiv2][body] GET https://firebase.googleapis.com/v1beta1/projects/netflix-79569 {"projectId":"netflix-79569","projectNumber":"413396655531","displayName":"Netflix","name":"projects/netflix-79569","resources":{"hostingSite":"netflix-79569"},"state":"DELETED"}
[info] i  Using project netflix-79569 (Netflix) 
[info] 
=== Hosting Setup
[info] 
[info] Your public directory is the folder (relative to your project directory) that
[info] will contain Hosting assets to be uploaded with firebase deploy. If you
[info] have a build process for your assets, use your build's output directory.
[info] 
